<?xml version="1.0" encoding="UTF-8"?>
<testng-results ignored="0" total="1" passed="1" failed="0" skipped="0">
  <reporter-output>
  </reporter-output>
  <suite started-at="2024-12-30T13:22:04 GMT" name="Default suite" finished-at="2024-12-30T13:22:06 GMT" duration-ms="2066">
    <groups>
    </groups>
    <test started-at="2024-12-30T13:22:04 GMT" name="Default test" finished-at="2024-12-30T13:22:06 GMT" duration-ms="2066">
      <class name="com.toolshop.tests.LoginTest">
        <test-method is-config="true" signature="openBrowserUrl()[pri:0, instance:com.toolshop.tests.LoginTest@71ba6d4e]" started-at="2024-12-30T13:21:55 GMT" name="openBrowserUrl" finished-at="2024-12-30T13:22:04 GMT" duration-ms="8434" status="PASS">
          <reporter-output>
          </reporter-output>
        </test-method> <!-- openBrowserUrl -->
        <test-method signature="LoginPage()[pri:0, instance:com.toolshop.tests.LoginTest@71ba6d4e]" started-at="2024-12-30T13:22:04 GMT" name="LoginPage" finished-at="2024-12-30T13:22:06 GMT" duration-ms="1935" status="PASS">
          <reporter-output>
          </reporter-output>
        </test-method> <!-- LoginPage -->
        <test-method is-config="true" signature="closeBrowserUrl()[pri:0, instance:com.toolshop.tests.LoginTest@71ba6d4e]" started-at="2024-12-30T13:22:06 GMT" name="closeBrowserUrl" finished-at="2024-12-30T13:22:06 GMT" duration-ms="395" status="PASS">
          <reporter-output>
          </reporter-output>
        </test-method> <!-- closeBrowserUrl -->
      </class> <!-- com.toolshop.tests.LoginTest -->
    </test> <!-- Default test -->
  </suite> <!-- Default suite -->
</testng-results>
